\BOOKMARK [1][-]{chapter*.1}{Abstract}{}% 1
\BOOKMARK [1][-]{chapter*.2}{Dedication}{}% 2
\BOOKMARK [1][-]{chapter*.3}{Acknowledgments}{}% 3
\BOOKMARK [1][-]{chapter*.4}{Contents}{}% 4
\BOOKMARK [1][-]{chapter*.5}{List of Tables}{}% 5
\BOOKMARK [1][-]{chapter*.6}{List of Figures}{}% 6
\BOOKMARK [0][-]{chapter.1}{Introduction}{}% 7
\BOOKMARK [1][-]{section.1.1}{Overview of the Circumgalactic Medium}{chapter.1}% 8
\BOOKMARK [1][-]{section.1.2}{Science Goals}{chapter.1}% 9
\BOOKMARK [2][-]{subsection.1.2.1}{Galaxy Proximity}{section.1.2}% 10
\BOOKMARK [2][-]{subsection.1.2.2}{Galaxy Orientation}{section.1.2}% 11
\BOOKMARK [2][-]{subsection.1.2.3}{Galaxy Rotation}{section.1.2}% 12
\BOOKMARK [1][-]{section.1.3}{Summary of Thesis}{chapter.1}% 13
\BOOKMARK [1][-]{Item.5}{References}{chapter.1}% 14
\BOOKMARK [0][-]{chapter.2}{A Catalogue of Nearby \(cz 10,000 km s-1\) Galaxies}{}% 15
\BOOKMARK [1][-]{section*.11}{Abstract}{chapter.2}% 16
\BOOKMARK [1][-]{section.2.1}{Introduction}{chapter.2}% 17
\BOOKMARK [1][-]{section.2.2}{Data}{chapter.2}% 18
\BOOKMARK [2][-]{subsection.2.2.1}{Data Retrieval}{section.2.2}% 19
\BOOKMARK [2][-]{subsection.2.2.2}{Completeness}{section.2.2}% 20
\BOOKMARK [1][-]{section.2.3}{The Catalogue}{chapter.2}% 21
\BOOKMARK [2][-]{subsection.2.3.1}{Name}{section.2.3}% 22
\BOOKMARK [2][-]{subsection.2.3.2}{NEDname}{section.2.3}% 23
\BOOKMARK [2][-]{subsection.2.3.3}{z}{section.2.3}% 24
\BOOKMARK [2][-]{subsection.2.3.4}{RAdeg}{section.2.3}% 25
\BOOKMARK [2][-]{subsection.2.3.5}{DEdeg}{section.2.3}% 26
\BOOKMARK [2][-]{subsection.2.3.6}{RAh}{section.2.3}% 27
\BOOKMARK [2][-]{subsection.2.3.7}{RAm}{section.2.3}% 28
\BOOKMARK [2][-]{subsection.2.3.8}{RAs}{section.2.3}% 29
\BOOKMARK [2][-]{subsection.2.3.9}{DE-}{section.2.3}% 30
\BOOKMARK [2][-]{subsection.2.3.10}{DEd}{section.2.3}% 31
\BOOKMARK [2][-]{subsection.2.3.11}{DEm}{section.2.3}% 32
\BOOKMARK [2][-]{subsection.2.3.12}{DEs}{section.2.3}% 33
\BOOKMARK [2][-]{subsection.2.3.13}{GLON}{section.2.3}% 34
\BOOKMARK [2][-]{subsection.2.3.14}{GLAT}{section.2.3}% 35
\BOOKMARK [2][-]{subsection.2.3.15}{Vhel}{section.2.3}% 36
\BOOKMARK [2][-]{subsection.2.3.16}{vcorr}{section.2.3}% 37
\BOOKMARK [2][-]{subsection.2.3.17}{distvcorr}{section.2.3}% 38
\BOOKMARK [2][-]{subsection.2.3.18}{RID\137mean}{section.2.3}% 39
\BOOKMARK [2][-]{subsection.2.3.19}{RID\137median}{section.2.3}% 40
\BOOKMARK [2][-]{subsection.2.3.20}{RID\137std}{section.2.3}% 41
\BOOKMARK [2][-]{subsection.2.3.21}{RID\137min}{section.2.3}% 42
\BOOKMARK [2][-]{subsection.2.3.22}{RID\137max}{section.2.3}% 43
\BOOKMARK [2][-]{subsection.2.3.23}{bestDist}{section.2.3}% 44
\BOOKMARK [2][-]{subsection.2.3.24}{e\137bestDist}{section.2.3}% 45
\BOOKMARK [2][-]{subsection.2.3.25}{distIndicator}{section.2.3}% 46
\BOOKMARK [2][-]{subsection.2.3.26}{MajDiam\137ang}{section.2.3}% 47
\BOOKMARK [2][-]{subsection.2.3.27}{MinDiam\137ang}{section.2.3}% 48
\BOOKMARK [2][-]{subsection.2.3.28}{e\137MajDiam\137ang}{section.2.3}% 49
\BOOKMARK [2][-]{subsection.2.3.29}{e\137MinDiam\137ang}{section.2.3}% 50
\BOOKMARK [2][-]{subsection.2.3.30}{MajDiam}{section.2.3}% 51
\BOOKMARK [2][-]{subsection.2.3.31}{MinDiam}{section.2.3}% 52
\BOOKMARK [2][-]{subsection.2.3.32}{e\137MajDiam}{section.2.3}% 53
\BOOKMARK [2][-]{subsection.2.3.33}{e\137MinDiam}{section.2.3}% 54
\BOOKMARK [2][-]{subsection.2.3.34}{R\137vir}{section.2.3}% 55
\BOOKMARK [2][-]{subsection.2.3.35}{inc}{section.2.3}% 56
\BOOKMARK [2][-]{subsection.2.3.36}{adjustedInc}{section.2.3}% 57
\BOOKMARK [2][-]{subsection.2.3.37}{e\137inc}{section.2.3}% 58
\BOOKMARK [2][-]{subsection.2.3.38}{PA}{section.2.3}% 59
\BOOKMARK [2][-]{subsection.2.3.39}{diam\137key}{section.2.3}% 60
\BOOKMARK [2][-]{subsection.2.3.40}{ratio\137key}{section.2.3}% 61
\BOOKMARK [2][-]{subsection.2.3.41}{pa\137key}{section.2.3}% 62
\BOOKMARK [2][-]{subsection.2.3.42}{RC3\137type}{section.2.3}% 63
\BOOKMARK [2][-]{subsection.2.3.43}{RC3\137d25}{section.2.3}% 64
\BOOKMARK [2][-]{subsection.2.3.44}{RC3\137r25}{section.2.3}% 65
\BOOKMARK [2][-]{subsection.2.3.45}{RC3\137pa}{section.2.3}% 66
\BOOKMARK [2][-]{subsection.2.3.46}{group\137num}{section.2.3}% 67
\BOOKMARK [2][-]{subsection.2.3.47}{group\137mem}{section.2.3}% 68
\BOOKMARK [2][-]{subsection.2.3.48}{group\137dist}{section.2.3}% 69
\BOOKMARK [2][-]{subsection.2.3.49}{MType}{section.2.3}% 70
\BOOKMARK [2][-]{subsection.2.3.50}{flag}{section.2.3}% 71
\BOOKMARK [2][-]{subsection.2.3.51}{lumClass}{section.2.3}% 72
\BOOKMARK [2][-]{subsection.2.3.52}{E\(B-V\)}{section.2.3}% 73
\BOOKMARK [2][-]{subsection.2.3.53}{Bmag}{section.2.3}% 74
\BOOKMARK [2][-]{subsection.2.3.54}{Bmag\137key}{section.2.3}% 75
\BOOKMARK [2][-]{subsection.2.3.55}{Bmag\137max}{section.2.3}% 76
\BOOKMARK [2][-]{subsection.2.3.56}{Bmag\137max\137key}{section.2.3}% 77
\BOOKMARK [2][-]{subsection.2.3.57}{Bmag\137min}{section.2.3}% 78
\BOOKMARK [2][-]{subsection.2.3.58}{Bmag\137min\137key}{section.2.3}% 79
\BOOKMARK [2][-]{subsection.2.3.59}{Bmag\137sdss}{section.2.3}% 80
\BOOKMARK [2][-]{subsection.2.3.60}{gmag\137sdss}{section.2.3}% 81
\BOOKMARK [2][-]{subsection.2.3.61}{rmag\137sdss}{section.2.3}% 82
\BOOKMARK [2][-]{subsection.2.3.62}{zmag\137sdss}{section.2.3}% 83
\BOOKMARK [2][-]{subsection.2.3.63}{Lstar\137med}{section.2.3}% 84
\BOOKMARK [2][-]{subsection.2.3.64}{e\137Lstar\137med}{section.2.3}% 85
\BOOKMARK [2][-]{subsection.2.3.65}{Lstar\137max}{section.2.3}% 86
\BOOKMARK [2][-]{subsection.2.3.66}{e\137Lstar\137max}{section.2.3}% 87
\BOOKMARK [2][-]{subsection.2.3.67}{Lstar\137min}{section.2.3}% 88
\BOOKMARK [2][-]{subsection.2.3.68}{e\137Lstar\137min}{section.2.3}% 89
\BOOKMARK [2][-]{subsection.2.3.69}{Lstar\137sdss}{section.2.3}% 90
\BOOKMARK [2][-]{subsection.2.3.70}{e\137Lstar\137sdss}{section.2.3}% 91
\BOOKMARK [2][-]{subsection.2.3.71}{altNames}{section.2.3}% 92
\BOOKMARK [1][-]{section.2.4}{Limitations \046 Future}{chapter.2}% 93
\BOOKMARK [1][-]{Item.8}{References}{chapter.2}% 94
\BOOKMARK [0][-]{chapter.3}{Probing Large Galaxy Halos at z0 with Automated Ly-Absorption Matching}{}% 95
\BOOKMARK [1][-]{section*.20}{Abstract}{chapter.3}% 96
\BOOKMARK [1][-]{section.3.1}{Introduction}{chapter.3}% 97
\BOOKMARK [1][-]{section.3.2}{Data and Analysis}{chapter.3}% 98
\BOOKMARK [2][-]{subsection.3.2.1}{Galaxy Data}{section.3.2}% 99
\BOOKMARK [2][-]{subsection.3.2.2}{Spectra}{section.3.2}% 100
\BOOKMARK [1][-]{section.3.3}{Results}{chapter.3}% 101
\BOOKMARK [2][-]{subsection.3.3.1}{EW- Anti-correlation}{section.3.3}% 102
\BOOKMARK [2][-]{subsection.3.3.2}{Inclination}{section.3.3}% 103
\BOOKMARK [2][-]{subsection.3.3.3}{Velocity Difference \(v\)}{section.3.3}% 104
\BOOKMARK [2][-]{subsection.3.3.4}{Azimuth}{section.3.3}% 105
\BOOKMARK [1][-]{section.3.4}{Discussion}{chapter.3}% 106
\BOOKMARK [1][-]{section.3.5}{Summary}{chapter.3}% 107
\BOOKMARK [1][-]{Item.13}{References}{chapter.3}% 108
\BOOKMARK [0][-]{chapter.4}{Evidence for a Rotational Component in the CGM of Nearby Galaxies}{}% 109
\BOOKMARK [1][-]{section*.32}{Abstract}{chapter.4}% 110
\BOOKMARK [1][-]{section.4.1}{Introduction}{chapter.4}% 111
\BOOKMARK [1][-]{section.4.2}{Data and Analysis}{chapter.4}% 112
\BOOKMARK [2][-]{subsection.4.2.1}{SALT Data}{section.4.2}% 113
\BOOKMARK [2][-]{subsection.4.2.2}{COS Spectra}{section.4.2}% 114
\BOOKMARK [1][-]{section.4.3}{Halo Rotation Model}{chapter.4}% 115
\BOOKMARK [1][-]{section.4.4}{Discussion}{chapter.4}% 116
\BOOKMARK [2][-]{subsection.4.4.1}{Co-rotation Fraction}{section.4.4}% 117
\BOOKMARK [2][-]{subsection.4.4.2}{Co-rotation as a function of L*}{section.4.4}% 118
\BOOKMARK [2][-]{subsection.4.4.3}{Doppler b-parameters}{section.4.4}% 119
\BOOKMARK [1][-]{section.4.5}{Summary}{chapter.4}% 120
\BOOKMARK [1][-]{section.4.5}{References}{chapter.4}% 121
\BOOKMARK [0][-]{chapter.5}{The Environmental Dependence of Low-z Ly Absorption}{}% 122
\BOOKMARK [1][-]{section*.43}{Abstract}{chapter.5}% 123
\BOOKMARK [1][-]{section.5.1}{Introduction}{chapter.5}% 124
\BOOKMARK [1][-]{section.5.2}{Data and Analysis}{chapter.5}% 125
\BOOKMARK [2][-]{subsection.5.2.1}{Sub-sample selection}{section.5.2}% 126
\BOOKMARK [1][-]{section.5.3}{Results \046 Discussion}{chapter.5}% 127
\BOOKMARK [2][-]{subsection.5.3.1}{Detection Fraction}{section.5.3}% 128
\BOOKMARK [2][-]{subsection.5.3.2}{Equivalent Width}{section.5.3}% 129
\BOOKMARK [2][-]{subsection.5.3.3}{Doppler b-parameter}{section.5.3}% 130
\BOOKMARK [2][-]{subsection.5.3.4}{Inclination}{section.5.3}% 131
\BOOKMARK [2][-]{subsection.5.3.5}{Azimuth}{section.5.3}% 132
\BOOKMARK [1][-]{section.5.4}{Summary}{chapter.5}% 133
\BOOKMARK [1][-]{section.5.4}{References}{chapter.5}% 134
\BOOKMARK [0][-]{chapter.6}{Conclusions}{}% 135
\BOOKMARK [1][-]{section.6.1}{SUMMARY}{chapter.6}% 136
\BOOKMARK [2][-]{subsection.6.1.1}{Chapter 2}{section.6.1}% 137
\BOOKMARK [2][-]{subsection.6.1.2}{Chapter 3}{section.6.1}% 138
\BOOKMARK [2][-]{subsection.6.1.3}{Chapter 4}{section.6.1}% 139
\BOOKMARK [2][-]{subsection.6.1.4}{Chapter 5}{section.6.1}% 140
\BOOKMARK [1][-]{section.6.2}{Future Work}{chapter.6}% 141
\BOOKMARK [1][-]{section*.55}{References}{chapter.6}% 142
\BOOKMARK [0][-]{Appendix.a.A}{Rotation Curve Sample}{}% 143
\BOOKMARK [1][-]{section.a.A.1}{SALT Galaxies}{Appendix.a.A}% 144
\BOOKMARK [2][-]{subsection.a.A.1.1}{CGCG039-137}{section.a.A.1}% 145
\BOOKMARK [2][-]{subsection.a.A.1.2}{ESO343-G014}{section.a.A.1}% 146
\BOOKMARK [2][-]{subsection.a.A.1.3}{IC5325}{section.a.A.1}% 147
\BOOKMARK [2][-]{subsection.a.A.1.4}{MCG-03-58-009}{section.a.A.1}% 148
\BOOKMARK [2][-]{subsection.a.A.1.5}{NGC1566}{section.a.A.1}% 149
\BOOKMARK [2][-]{subsection.a.A.1.6}{NGC3513}{section.a.A.1}% 150
\BOOKMARK [2][-]{subsection.a.A.1.7}{NGC3633}{section.a.A.1}% 151
\BOOKMARK [2][-]{subsection.a.A.1.8}{NGC4536}{section.a.A.1}% 152
\BOOKMARK [2][-]{subsection.a.A.1.9}{NGC4939}{section.a.A.1}% 153
\BOOKMARK [2][-]{subsection.a.A.1.10}{NGC5364}{section.a.A.1}% 154
\BOOKMARK [2][-]{subsection.a.A.1.11}{NGC5786}{section.a.A.1}% 155
\BOOKMARK [2][-]{subsection.a.A.1.12}{UGC09760}{section.a.A.1}% 156
\BOOKMARK [1][-]{section.a.A.2}{Ancillary Data}{Appendix.a.A}% 157
\BOOKMARK [2][-]{subsection.a.A.2.1}{NGC3198}{section.a.A.2}% 158
\BOOKMARK [2][-]{subsection.a.A.2.2}{NGC3351}{section.a.A.2}% 159
\BOOKMARK [2][-]{subsection.a.A.2.3}{NGC5907}{section.a.A.2}% 160
\BOOKMARK [2][-]{subsection.a.A.2.4}{NGC4565}{section.a.A.2}% 161
\BOOKMARK [2][-]{subsection.a.A.2.5}{UGC06446}{section.a.A.2}% 162
\BOOKMARK [2][-]{subsection.a.A.2.6}{NGC3631}{section.a.A.2}% 163
\BOOKMARK [2][-]{subsection.a.A.2.7}{NGC3726}{section.a.A.2}% 164
\BOOKMARK [2][-]{subsection.a.A.2.8}{NGC3067}{section.a.A.2}% 165
\BOOKMARK [2][-]{subsection.a.A.2.9}{NGC6140}{section.a.A.2}% 166
\BOOKMARK [2][-]{subsection.a.A.2.10}{NGC4529}{section.a.A.2}% 167
\BOOKMARK [2][-]{subsection.a.A.2.11}{UGC04238}{section.a.A.2}% 168
\BOOKMARK [2][-]{subsection.a.A.2.12}{NGC2770}{section.a.A.2}% 169
\BOOKMARK [2][-]{subsection.a.A.2.13}{NGC3432}{section.a.A.2}% 170
\BOOKMARK [2][-]{subsection.a.A.2.14}{NGC3666}{section.a.A.2}% 171
\BOOKMARK [2][-]{subsection.a.A.2.15}{NGC5951}{section.a.A.2}% 172
\BOOKMARK [2][-]{subsection.a.A.2.16}{NGC7817}{section.a.A.2}% 173
\BOOKMARK [2][-]{subsection.a.A.2.17}{UGC08146}{section.a.A.2}% 174
\BOOKMARK [1][-]{subsection.a.A.2.17}{References}{Appendix.a.A}% 175
\BOOKMARK [0][-]{Appendix.a.B}{Summary of Full QSO Sample and Measurements}{}% 176
