\BOOKMARK [1][-]{section.1}{INTRODUCTION}{}% 1
\BOOKMARK [1][-]{section.2}{DATA AND ANALYSIS}{}% 2
\BOOKMARK [2][-]{subsection.2.1}{SALT Data}{section.2}% 3
\BOOKMARK [2][-]{subsection.2.2}{COS Spectra}{section.2}% 4
\BOOKMARK [1][-]{section.3}{SALT Galaxies}{}% 5
\BOOKMARK [2][-]{subsection.3.1}{CGCG039-137}{section.3}% 6
\BOOKMARK [2][-]{subsection.3.2}{ESO343-G014}{section.3}% 7
\BOOKMARK [2][-]{subsection.3.3}{IC5325}{section.3}% 8
\BOOKMARK [2][-]{subsection.3.4}{MCG-03-58-009}{section.3}% 9
\BOOKMARK [2][-]{subsection.3.5}{NGC1566}{section.3}% 10
\BOOKMARK [2][-]{subsection.3.6}{NGC3513}{section.3}% 11
\BOOKMARK [2][-]{subsection.3.7}{NGC3633}{section.3}% 12
\BOOKMARK [2][-]{subsection.3.8}{NGC4536}{section.3}% 13
\BOOKMARK [2][-]{subsection.3.9}{NGC4939}{section.3}% 14
\BOOKMARK [2][-]{subsection.3.10}{NGC5364}{section.3}% 15
\BOOKMARK [2][-]{subsection.3.11}{NGC5786}{section.3}% 16
\BOOKMARK [2][-]{subsection.3.12}{UGC09760}{section.3}% 17
\BOOKMARK [2][-]{subsection.3.13}{Ancillary Data}{section.3}% 18
\BOOKMARK [1][-]{section.4}{Halo Rotation Model}{}% 19
\BOOKMARK [1][-]{section.5}{Discussion}{}% 20
\BOOKMARK [1][-]{section.6}{Summary}{}% 21
